
> abren-ui@0.1.0 dev
> vp dev

12:54:56 PM [vite+] (client) Re-optimizing dependencies because lockfile has changed

  VITE+ v8.0.1  

  ➜  Local:   http://localhost:5173/
  ➜  Network: use --host to expose
12:55:13 PM [vite+] (client) [console.warn] [Vue warn]: Failed to resolve component: Label
If this is a native custom element, make sure to exclude it from component resolution via compilerOptions.isCustomElement. 
  at <LoginPage onVnodeUnmounted=fn<onVnodeUnmounted> ref=Ref< undefined > > 
  at <RouterView> 
  at <PublicLayout onVnodeUnmounted=fn<onVnodeUnmounted> ref=Ref< undefined > > 
  at <RouterView> 
  at <App>
12:57:42 PM [vite+] (client) [console.warn] [Vue Router warn]: history.state seems to have been manually replaced without preserving the necessary values. Make sure to preserve existing history state if you are manually calling history.replaceState:

history.replaceState(history.state, '', url)

You can find more information at https://router.vuejs.org/guide/migration/#Usage-of-history-state
12:57:42 PM [vite+] (client) [Unhandled rejection] TypeError: Cannot convert object to primitive value
 > overrideMethod chrome-extension:/fmkadmapgofadopljbjfkapdkoienihi/build/installHook.js:1:174822
 > console.<computed> [as warn] ../../../../../@vite/client:510:4
 > warn$1 node_modules/.pnpm/@vue+runtime-core@3.5.32/node_modules/@vue/runtime-core/dist/runtime-core.esm-bundler.js:51:12
 > resolveAsset node_modules/.pnpm/@vue+runtime-core@3.5.32/node_modules/@vue/runtime-core/dist/runtime-core.esm-bundler.js:3154:6
 > resolveComponent node_modules/.pnpm/@vue+runtime-core@3.5.32/node_modules/@vue/runtime-core/dist/runtime-core.esm-bundler.js:3116:9
 > Proxy._sfc_render src/modules/finance/ap/ui/payment-requests/pages/PaymentRequestCreatePage.vue:98:32
    96 |                        :model-value="field.state.value"
    97 |                        required
    98 |                        :disabled="isLoadingUsers"
       |                                  ^
    99 |                        :error="state.meta.errors[0]"
    100|                        :options="users?.map((u) => ({ label: u.email, value: u.id })) || []"

12:58:13 PM [vite+] (client) [Unhandled rejection] TypeError: Cannot read properties of null (reading 'component')
 > locateNonHydratedAsyncRoot node_modules/.pnpm/@vue+runtime-core@3.5.32/node_modules/@vue/runtime-core/dist/runtime-core.esm-bundler.js:6928:40
 > locateNonHydratedAsyncRoot node_modules/.pnpm/@vue+runtime-core@3.5.32/node_modules/@vue/runtime-core/dist/runtime-core.esm-bundler.js:6933:13
 > locateNonHydratedAsyncRoot node_modules/.pnpm/@vue+runtime-core@3.5.32/node_modules/@vue/runtime-core/dist/runtime-core.esm-bundler.js:6933:13
 > locateNonHydratedAsyncRoot node_modules/.pnpm/@vue+runtime-core@3.5.32/node_modules/@vue/runtime-core/dist/runtime-core.esm-bundler.js:6933:13
 > locateNonHydratedAsyncRoot node_modules/.pnpm/@vue+runtime-core@3.5.32/node_modules/@vue/runtime-core/dist/runtime-core.esm-bundler.js:6933:13
 > locateNonHydratedAsyncRoot node_modules/.pnpm/@vue+runtime-core@3.5.32/node_modules/@vue/runtime-core/dist/runtime-core.esm-bundler.js:6933:13
 > ReactiveEffect.componentUpdateFn [as fn] node_modules/.pnpm/@vue+runtime-core@3.5.32/node_modules/@vue/runtime-core/dist/runtime-core.esm-bundler.js:6162:39
 > ReactiveEffect.run node_modules/.pnpm/@vue+reactivity@3.5.32/node_modules/@vue/reactivity/dist/reactivity.esm-bundler.js:239:18
 > ReactiveEffect.runIfDirty node_modules/.pnpm/@vue+reactivity@3.5.32/node_modules/@vue/reactivity/dist/reactivity.esm-bundler.js:277:11
 > callWithErrorHandling node_modules/.pnpm/@vue+runtime-core@3.5.32/node_modules/@vue/runtime-core/dist/runtime-core.esm-bundler.js:199:32

12:58:38 PM [vite+] (client) hmr update /src/assets/main.css
12:58:48 PM [vite+] (client) hmr update /src/shared/components/data-grid/core/DataGridEmpty.vue, /src/assets/main.css
12:59:02 PM [vite+] (client) hmr update /src/modules/finance/ap/ui/payment-requests/pages/PaymentRequestsListPage.vue, /src/assets/main.css
1:01:33 PM [vite+] (client) hmr update /src/modules/finance/ap/ui/payment-requests/pages/PaymentRequestsListPage.vue, /src/assets/main.css
